1650036599093	geckodriver	INFO	Listening on 127.0.0.1:44529
1650036599100	mozrunner::runner	INFO	Running command: "/usr/bin/firefox" "--marionette" "--remote-debugging-port" "60135" "--remote-allow-hosts" "localhost" "-no-remote" "-profile" "/tmp/rust_mozprofileaLiQjo"
ATTENTION: default value of option mesa_glthread overridden by environment.
ATTENTION: default value of option mesa_glthread overridden by environment.
ATTENTION: default value of option mesa_glthread overridden by environment.
ATTENTION: default value of option mesa_glthread overridden by environment.
1650036600126	Marionette	INFO	Marionette enabled
console.warn: SearchSettings: "get: No settings file exists, new profile?" (new NotFoundError("Could not open the file at /tmp/rust_mozprofileaLiQjo/search.json.mozlz4", (void 0)))
DevTools listening on ws://localhost:60135/devtools/browser/9a17e22d-bff5-4e10-aed2-8c25fdea93c8
1650036601714	Marionette	INFO	Listening on port 35055
Read port: 35055
1650036601822	RemoteAgent	WARN	TLS certificate errors will be ignored for this session
1650054310390	geckodriver	INFO	Listening on 127.0.0.1:57373
1650054310397	mozrunner::runner	INFO	Running command: "/usr/bin/firefox" "--marionette" "--remote-debugging-port" "51667" "--remote-allow-hosts" "localhost" "-no-remote" "-profile" "/tmp/rust_mozprofile4HdfME"
ATTENTION: default value of option mesa_glthread overridden by environment.
ATTENTION: default value of option mesa_glthread overridden by environment.
ATTENTION: default value of option mesa_glthread overridden by environment.
ATTENTION: default value of option mesa_glthread overridden by environment.
1650054311366	Marionette	INFO	Marionette enabled
console.warn: SearchSettings: "get: No settings file exists, new profile?" (new NotFoundError("Could not open the file at /tmp/rust_mozprofile4HdfME/search.json.mozlz4", (void 0)))
DevTools listening on ws://localhost:51667/devtools/browser/0aa19596-71ef-496d-95c2-484d4839e151
1650054313097	Marionette	INFO	Listening on port 42961
Read port: 42961
1650054313229	RemoteAgent	WARN	TLS certificate errors will be ignored for this session
console.error: Region.jsm: "Error fetching region" (new Error("TIMEOUT", "resource://gre/modules/Region.jsm", 772))
console.error: Region.jsm: "Failed to fetch region" (new Error("TIMEOUT", "resource://gre/modules/Region.jsm", 419))
1650054762964	geckodriver	INFO	Listening on 127.0.0.1:37569
1650054762969	mozrunner::runner	INFO	Running command: "/usr/bin/firefox" "--marionette" "--remote-debugging-port" "49445" "--remote-allow-hosts" "localhost" "-no-remote" "-profile" "/tmp/rust_mozprofile3KDjhb"
ATTENTION: default value of option mesa_glthread overridden by environment.
ATTENTION: default value of option mesa_glthread overridden by environment.
ATTENTION: default value of option mesa_glthread overridden by environment.
ATTENTION: default value of option mesa_glthread overridden by environment.
1650054763921	Marionette	INFO	Marionette enabled
console.warn: SearchSettings: "get: No settings file exists, new profile?" (new NotFoundError("Could not open the file at /tmp/rust_mozprofile3KDjhb/search.json.mozlz4", (void 0)))
DevTools listening on ws://localhost:49445/devtools/browser/e4a2fb65-3a06-42e3-8e3e-92356e121405
1650054765960	Marionette	INFO	Listening on port 42291
Read port: 42291
1650054765995	RemoteAgent	WARN	TLS certificate errors will be ignored for this session
1650054858467	Marionette	INFO	Stopped listening on port 42291
console.warn: TopSitesFeed: Failed to fetch data from Contile server: NetworkError when attempting to fetch resource.
1650054861895	Marionette	INFO	Stopped listening on port 35055
console.warn: TopSitesFeed: Failed to fetch data from Contile server: NetworkError when attempting to fetch resource.
1650054867538	Marionette	INFO	Stopped listening on port 42961
console.warn: TopSitesFeed: Failed to fetch data from Contile server: NetworkError when attempting to fetch resource.
1650054870510	geckodriver	INFO	Listening on 127.0.0.1:38095
1650054870514	mozrunner::runner	INFO	Running command: "/usr/bin/firefox" "--marionette" "--remote-debugging-port" "55661" "--remote-allow-hosts" "localhost" "-no-remote" "-profile" "/tmp/rust_mozprofileVBvMVI"
ATTENTION: default value of option mesa_glthread overridden by environment.
ATTENTION: default value of option mesa_glthread overridden by environment.
ATTENTION: default value of option mesa_glthread overridden by environment.
ATTENTION: default value of option mesa_glthread overridden by environment.
1650054871310	Marionette	INFO	Marionette enabled
console.warn: SearchSettings: "get: No settings file exists, new profile?" (new NotFoundError("Could not open the file at /tmp/rust_mozprofileVBvMVI/search.json.mozlz4", (void 0)))
DevTools listening on ws://localhost:55661/devtools/browser/4e00c8a2-c90f-43b6-b1ac-ec7634340c44
1650054872854	Marionette	INFO	Listening on port 45089
Read port: 45089
1650054872931	RemoteAgent	WARN	TLS certificate errors will be ignored for this session
1650054892332	Marionette	INFO	Stopped listening on port 45089
console.warn: TopSitesFeed: Failed to fetch data from Contile server: NetworkError when attempting to fetch resource.
1650054930446	geckodriver	INFO	Listening on 127.0.0.1:42731
1650054930450	mozrunner::runner	INFO	Running command: "/usr/bin/firefox" "--marionette" "--remote-debugging-port" "53205" "--remote-allow-hosts" "localhost" "-no-remote" "-profile" "/tmp/rust_mozprofileZdYnpQ"
ATTENTION: default value of option mesa_glthread overridden by environment.
ATTENTION: default value of option mesa_glthread overridden by environment.
ATTENTION: default value of option mesa_glthread overridden by environment.
ATTENTION: default value of option mesa_glthread overridden by environment.
1650054931260	Marionette	INFO	Marionette enabled
console.warn: SearchSettings: "get: No settings file exists, new profile?" (new NotFoundError("Could not open the file at /tmp/rust_mozprofileZdYnpQ/search.json.mozlz4", (void 0)))
DevTools listening on ws://localhost:53205/devtools/browser/54882e39-b16c-476f-af84-9bf1b9d76a65
1650054932776	Marionette	INFO	Listening on port 34029
Read port: 34029
1650054932880	RemoteAgent	WARN	TLS certificate errors will be ignored for this session
1650054940375	Marionette	INFO	Stopped listening on port 34029
console.warn: TopSitesFeed: Failed to fetch data from Contile server: NetworkError when attempting to fetch resource.
1650055084706	geckodriver	INFO	Listening on 127.0.0.1:39381
1650055084710	mozrunner::runner	INFO	Running command: "/usr/bin/firefox" "--marionette" "--remote-debugging-port" "40797" "--remote-allow-hosts" "localhost" "-no-remote" "-profile" "/tmp/rust_mozprofile29VPVu"
ATTENTION: default value of option mesa_glthread overridden by environment.
ATTENTION: default value of option mesa_glthread overridden by environment.
ATTENTION: default value of option mesa_glthread overridden by environment.
ATTENTION: default value of option mesa_glthread overridden by environment.
1650055085482	Marionette	INFO	Marionette enabled
console.warn: SearchSettings: "get: No settings file exists, new profile?" (new NotFoundError("Could not open the file at /tmp/rust_mozprofile29VPVu/search.json.mozlz4", (void 0)))
DevTools listening on ws://localhost:40797/devtools/browser/16053e06-a3bd-48ee-892b-c818b7080b71
1650055086955	Marionette	INFO	Listening on port 42985
Read port: 42985
1650055087029	RemoteAgent	WARN	TLS certificate errors will be ignored for this session
1650055093490	Marionette	INFO	Stopped listening on port 42985
console.warn: TopSitesFeed: Failed to fetch data from Contile server: NetworkError when attempting to fetch resource.
1650055164799	geckodriver	INFO	Listening on 127.0.0.1:52709
1650055164803	mozrunner::runner	INFO	Running command: "/usr/bin/firefox" "--marionette" "--remote-debugging-port" "57855" "--remote-allow-hosts" "localhost" "-no-remote" "-profile" "/tmp/rust_mozprofileSW7uNg"
ATTENTION: default value of option mesa_glthread overridden by environment.
ATTENTION: default value of option mesa_glthread overridden by environment.
ATTENTION: default value of option mesa_glthread overridden by environment.
ATTENTION: default value of option mesa_glthread overridden by environment.
1650055165632	Marionette	INFO	Marionette enabled
console.warn: SearchSettings: "get: No settings file exists, new profile?" (new NotFoundError("Could not open the file at /tmp/rust_mozprofileSW7uNg/search.json.mozlz4", (void 0)))
DevTools listening on ws://localhost:57855/devtools/browser/72896f74-c277-4ea2-951d-0821cf21762a
1650055167131	Marionette	INFO	Listening on port 34423
Read port: 34423
1650055167263	RemoteAgent	WARN	TLS certificate errors will be ignored for this session
1650055173164	Marionette	INFO	Stopped listening on port 34423
console.warn: TopSitesFeed: Failed to fetch data from Contile server: NetworkError when attempting to fetch resource.

###!!! [Parent][PImageBridgeParent] Error: RunMessage(msgname=PImageBridge::Msg_WillClose) Channel closing: too late to send/recv, messages will be lost

1650055344237	geckodriver	INFO	Listening on 127.0.0.1:47507
1650055344242	mozrunner::runner	INFO	Running command: "/usr/bin/firefox" "--marionette" "--remote-debugging-port" "56697" "--remote-allow-hosts" "localhost" "-no-remote" "-profile" "/tmp/rust_mozprofileZzB4Pb"
ATTENTION: default value of option mesa_glthread overridden by environment.
ATTENTION: default value of option mesa_glthread overridden by environment.
ATTENTION: default value of option mesa_glthread overridden by environment.
ATTENTION: default value of option mesa_glthread overridden by environment.
1650055345037	Marionette	INFO	Marionette enabled
console.warn: SearchSettings: "get: No settings file exists, new profile?" (new NotFoundError("Could not open the file at /tmp/rust_mozprofileZzB4Pb/search.json.mozlz4", (void 0)))
DevTools listening on ws://localhost:56697/devtools/browser/a432627f-6ca0-43cb-954b-89d65fd144c7
1650055346579	Marionette	INFO	Listening on port 34471
Read port: 34471
1650055346661	RemoteAgent	WARN	TLS certificate errors will be ignored for this session
1650055364640	geckodriver	INFO	Listening on 127.0.0.1:43875
1650055364645	mozrunner::runner	INFO	Running command: "/usr/bin/firefox" "--marionette" "--remote-debugging-port" "45749" "--remote-allow-hosts" "localhost" "-no-remote" "-profile" "/tmp/rust_mozprofile4fgCq1"
ATTENTION: default value of option mesa_glthread overridden by environment.
ATTENTION: default value of option mesa_glthread overridden by environment.
ATTENTION: default value of option mesa_glthread overridden by environment.
ATTENTION: default value of option mesa_glthread overridden by environment.
1650055365479	Marionette	INFO	Marionette enabled
console.warn: SearchSettings: "get: No settings file exists, new profile?" (new NotFoundError("Could not open the file at /tmp/rust_mozprofile4fgCq1/search.json.mozlz4", (void 0)))
1650055366477	Marionette	INFO	Stopped listening on port 34471
console.warn: TopSitesFeed: Failed to fetch data from Contile server: NetworkError when attempting to fetch resource.
DevTools listening on ws://localhost:45749/devtools/browser/701b5af3-f49a-4063-b411-12f2b901ff02
1650055367322	Marionette	INFO	Listening on port 43793
Read port: 43793
1650055367363	RemoteAgent	WARN	TLS certificate errors will be ignored for this session
console.error: Region.jsm: "Error fetching region" (new Error("TIMEOUT", "resource://gre/modules/Region.jsm", 772))
console.error: Region.jsm: "Failed to fetch region" (new Error("TIMEOUT", "resource://gre/modules/Region.jsm", 419))
1650055401725	geckodriver	INFO	Listening on 127.0.0.1:45753
1650055401729	mozrunner::runner	INFO	Running command: "/usr/bin/firefox" "--marionette" "--remote-debugging-port" "33281" "--remote-allow-hosts" "localhost" "-no-remote" "-profile" "/tmp/rust_mozprofileX314vG"
ATTENTION: default value of option mesa_glthread overridden by environment.
ATTENTION: default value of option mesa_glthread overridden by environment.
ATTENTION: default value of option mesa_glthread overridden by environment.
ATTENTION: default value of option mesa_glthread overridden by environment.
1650055402525	Marionette	INFO	Marionette enabled
console.warn: SearchSettings: "get: No settings file exists, new profile?" (new NotFoundError("Could not open the file at /tmp/rust_mozprofileX314vG/search.json.mozlz4", (void 0)))
DevTools listening on ws://localhost:33281/devtools/browser/b960b737-8580-498d-aa59-456a377f2f55
1650055404017	Marionette	INFO	Listening on port 44807
Read port: 44807
1650055404047	RemoteAgent	WARN	TLS certificate errors will be ignored for this session
1650055433265	geckodriver	INFO	Listening on 127.0.0.1:48997
1650055433270	mozrunner::runner	INFO	Running command: "/usr/bin/firefox" "--marionette" "--remote-debugging-port" "34269" "--remote-allow-hosts" "localhost" "-no-remote" "-profile" "/tmp/rust_mozprofilex6O7fo"
ATTENTION: default value of option mesa_glthread overridden by environment.
ATTENTION: default value of option mesa_glthread overridden by environment.
ATTENTION: default value of option mesa_glthread overridden by environment.
ATTENTION: default value of option mesa_glthread overridden by environment.
1650055434226	Marionette	INFO	Marionette enabled
console.warn: SearchSettings: "get: No settings file exists, new profile?" (new NotFoundError("Could not open the file at /tmp/rust_mozprofilex6O7fo/search.json.mozlz4", (void 0)))
DevTools listening on ws://localhost:34269/devtools/browser/01b5bc3c-f75a-4dd7-a7ce-4668c3254500
1650055436035	Marionette	INFO	Listening on port 44833
Read port: 44833
1650055436097	RemoteAgent	WARN	TLS certificate errors will be ignored for this session
1650055436706	Marionette	INFO	Stopped listening on port 44807
console.warn: TopSitesFeed: Failed to fetch data from Contile server: NetworkError when attempting to fetch resource.

###!!! [Parent][PImageBridgeParent] Error: RunMessage(msgname=PImageBridge::Msg_WillClose) Channel closing: too late to send/recv, messages will be lost

1650055485716	Marionette	INFO	Stopped listening on port 44833
console.warn: TopSitesFeed: Failed to fetch data from Contile server: NetworkError when attempting to fetch resource.
1650055722657	Marionette	INFO	Stopped listening on port 43793
console.warn: TopSitesFeed: Failed to fetch data from Contile server: NetworkError when attempting to fetch resource.
1650057382807	geckodriver	INFO	Listening on 127.0.0.1:39725
1650057382811	mozrunner::runner	INFO	Running command: "/usr/bin/firefox" "--marionette" "--remote-debugging-port" "47259" "--remote-allow-hosts" "localhost" "-no-remote" "-profile" "/tmp/rust_mozprofile80IbIy"
ATTENTION: default value of option mesa_glthread overridden by environment.
ATTENTION: default value of option mesa_glthread overridden by environment.
ATTENTION: default value of option mesa_glthread overridden by environment.
ATTENTION: default value of option mesa_glthread overridden by environment.
1650057383727	Marionette	INFO	Marionette enabled
console.warn: SearchSettings: "get: No settings file exists, new profile?" (new NotFoundError("Could not open the file at /tmp/rust_mozprofile80IbIy/search.json.mozlz4", (void 0)))
DevTools listening on ws://localhost:47259/devtools/browser/272bfc2b-76e6-4638-9325-8e4544afdeb4
1650057385204	Marionette	INFO	Listening on port 33011
Read port: 33011
1650057385230	RemoteAgent	WARN	TLS certificate errors will be ignored for this session
JavaScript error: resource://gre/actors/DateTimePickerChild.jsm, line 64: TypeError: aElement is null
1650057456713	geckodriver	INFO	Listening on 127.0.0.1:42299
1650057456719	mozrunner::runner	INFO	Running command: "/usr/bin/firefox" "--marionette" "--remote-debugging-port" "45833" "--remote-allow-hosts" "localhost" "-no-remote" "-profile" "/tmp/rust_mozprofile2ISbh5"
ATTENTION: default value of option mesa_glthread overridden by environment.
ATTENTION: default value of option mesa_glthread overridden by environment.
ATTENTION: default value of option mesa_glthread overridden by environment.
ATTENTION: default value of option mesa_glthread overridden by environment.
1650057457506	Marionette	INFO	Marionette enabled
console.warn: SearchSettings: "get: No settings file exists, new profile?" (new NotFoundError("Could not open the file at /tmp/rust_mozprofile2ISbh5/search.json.mozlz4", (void 0)))
DevTools listening on ws://localhost:45833/devtools/browser/f6f7983c-910d-443e-a7e5-99da1a4c44df
1650057459201	Marionette	INFO	Listening on port 35535
Read port: 35535
1650057459236	RemoteAgent	WARN	TLS certificate errors will be ignored for this session
JavaScript error: resource://gre/modules/AsyncShutdown.jsm, line 575: NotFoundError: No such JSWindowActor 'DevToolsFrame'
1650057466793	Marionette	INFO	Stopped listening on port 33011
console.warn: TopSitesFeed: Failed to fetch data from Contile server: NetworkError when attempting to fetch resource.
1650057507439	Marionette	INFO	Stopped listening on port 35535
console.warn: TopSitesFeed: Failed to fetch data from Contile server: NetworkError when attempting to fetch resource.
1650057510244	geckodriver	INFO	Listening on 127.0.0.1:53337
1650057510248	mozrunner::runner	INFO	Running command: "/usr/bin/firefox" "--marionette" "--remote-debugging-port" "58913" "--remote-allow-hosts" "localhost" "-no-remote" "-profile" "/tmp/rust_mozprofileZGGVW1"
ATTENTION: default value of option mesa_glthread overridden by environment.
ATTENTION: default value of option mesa_glthread overridden by environment.
ATTENTION: default value of option mesa_glthread overridden by environment.
ATTENTION: default value of option mesa_glthread overridden by environment.
1650057511046	Marionette	INFO	Marionette enabled
console.warn: SearchSettings: "get: No settings file exists, new profile?" (new NotFoundError("Could not open the file at /tmp/rust_mozprofileZGGVW1/search.json.mozlz4", (void 0)))
DevTools listening on ws://localhost:58913/devtools/browser/09620f05-d85d-40ee-8e9f-13ad2921f029
1650057513089	Marionette	INFO	Listening on port 40773
Read port: 40773
1650057513177	RemoteAgent	WARN	TLS certificate errors will be ignored for this session
1650057683093	geckodriver	INFO	Listening on 127.0.0.1:51993
1650057683097	mozrunner::runner	INFO	Running command: "/usr/bin/firefox" "--marionette" "--remote-debugging-port" "57033" "--remote-allow-hosts" "localhost" "-no-remote" "-profile" "/tmp/rust_mozprofilewXq6OR"
ATTENTION: default value of option mesa_glthread overridden by environment.
ATTENTION: default value of option mesa_glthread overridden by environment.
ATTENTION: default value of option mesa_glthread overridden by environment.
ATTENTION: default value of option mesa_glthread overridden by environment.
1650057683922	Marionette	INFO	Marionette enabled
console.warn: SearchSettings: "get: No settings file exists, new profile?" (new NotFoundError("Could not open the file at /tmp/rust_mozprofilewXq6OR/search.json.mozlz4", (void 0)))
DevTools listening on ws://localhost:57033/devtools/browser/168dfa74-8098-4929-904b-90600a6a7ed1
1650057685488	Marionette	INFO	Listening on port 33275
Read port: 33275
1650057685515	RemoteAgent	WARN	TLS certificate errors will be ignored for this session
1650057904114	geckodriver	INFO	Listening on 127.0.0.1:35083
1650057904118	mozrunner::runner	INFO	Running command: "/usr/bin/firefox" "--marionette" "--remote-debugging-port" "38547" "--remote-allow-hosts" "localhost" "-no-remote" "-profile" "/tmp/rust_mozprofileLGFyqA"
ATTENTION: default value of option mesa_glthread overridden by environment.
ATTENTION: default value of option mesa_glthread overridden by environment.
ATTENTION: default value of option mesa_glthread overridden by environment.
ATTENTION: default value of option mesa_glthread overridden by environment.
1650057904918	Marionette	INFO	Marionette enabled
console.warn: SearchSettings: "get: No settings file exists, new profile?" (new NotFoundError("Could not open the file at /tmp/rust_mozprofileLGFyqA/search.json.mozlz4", (void 0)))
DevTools listening on ws://localhost:38547/devtools/browser/9af99ffe-aec0-42a7-bb8f-4a2049557bc0
1650057906614	Marionette	INFO	Listening on port 33587
Read port: 33587
1650057906652	RemoteAgent	WARN	TLS certificate errors will be ignored for this session
1650057917597	Marionette	INFO	Stopped listening on port 33587
console.warn: TopSitesFeed: Failed to fetch data from Contile server: NetworkError when attempting to fetch resource.
console.warn: LoginRecipes: "getRecipes: falling back to a synchronous message for:" "https://www.google.com"
1650058076267	geckodriver	INFO	Listening on 127.0.0.1:56329
1650058076271	mozrunner::runner	INFO	Running command: "/usr/bin/firefox" "--marionette" "--remote-debugging-port" "39895" "--remote-allow-hosts" "localhost" "-no-remote" "-profile" "/tmp/rust_mozprofileM29tVh"
ATTENTION: default value of option mesa_glthread overridden by environment.
ATTENTION: default value of option mesa_glthread overridden by environment.
ATTENTION: default value of option mesa_glthread overridden by environment.
ATTENTION: default value of option mesa_glthread overridden by environment.
1650058077094	Marionette	INFO	Marionette enabled
console.warn: SearchSettings: "get: No settings file exists, new profile?" (new NotFoundError("Could not open the file at /tmp/rust_mozprofileM29tVh/search.json.mozlz4", (void 0)))
DevTools listening on ws://localhost:39895/devtools/browser/c26cb052-7aef-403a-aea6-14b0ad32e050
1650058078631	Marionette	INFO	Listening on port 43597
Read port: 43597
1650058078690	RemoteAgent	WARN	TLS certificate errors will be ignored for this session
JavaScript error: , line 0: NotFoundError: No such JSWindowActor 'DevToolsFrame'
1650058142067	Marionette	INFO	Stopped listening on port 43597
console.warn: TopSitesFeed: Failed to fetch data from Contile server: NetworkError when attempting to fetch resource.
1650058143071	geckodriver	INFO	Listening on 127.0.0.1:53823
1650058143076	mozrunner::runner	INFO	Running command: "/usr/bin/firefox" "--marionette" "--remote-debugging-port" "37483" "--remote-allow-hosts" "localhost" "-no-remote" "-profile" "/tmp/rust_mozprofileBDTb2W"
ATTENTION: default value of option mesa_glthread overridden by environment.
ATTENTION: default value of option mesa_glthread overridden by environment.
ATTENTION: default value of option mesa_glthread overridden by environment.
ATTENTION: default value of option mesa_glthread overridden by environment.
1650058143917	Marionette	INFO	Marionette enabled
console.warn: SearchSettings: "get: No settings file exists, new profile?" (new NotFoundError("Could not open the file at /tmp/rust_mozprofileBDTb2W/search.json.mozlz4", (void 0)))
DevTools listening on ws://localhost:37483/devtools/browser/de8548e0-a3f1-4363-a2f1-9b793b62abdc
1650058145608	Marionette	INFO	Listening on port 44169
Read port: 44169
1650058145699	RemoteAgent	WARN	TLS certificate errors will be ignored for this session
1650058158172	Marionette	INFO	Stopped listening on port 44169
console.warn: TopSitesFeed: Failed to fetch data from Contile server: NetworkError when attempting to fetch resource.

###!!! [Parent][PImageBridgeParent] Error: RunMessage(msgname=PImageBridge::Msg_WillClose) Channel closing: too late to send/recv, messages will be lost

1650058268542	geckodriver	INFO	Listening on 127.0.0.1:41129
1650058268546	mozrunner::runner	INFO	Running command: "/usr/bin/firefox" "--marionette" "--remote-debugging-port" "46519" "--remote-allow-hosts" "localhost" "-no-remote" "-profile" "/tmp/rust_mozprofile9Bvisa"
ATTENTION: default value of option mesa_glthread overridden by environment.
ATTENTION: default value of option mesa_glthread overridden by environment.
ATTENTION: default value of option mesa_glthread overridden by environment.
ATTENTION: default value of option mesa_glthread overridden by environment.
1650058269359	Marionette	INFO	Marionette enabled
console.warn: SearchSettings: "get: No settings file exists, new profile?" (new NotFoundError("Could not open the file at /tmp/rust_mozprofile9Bvisa/search.json.mozlz4", (void 0)))
DevTools listening on ws://localhost:46519/devtools/browser/1cc8d2db-bfef-4afb-8920-5c69272a1e7e
1650058271015	Marionette	INFO	Listening on port 33705
Read port: 33705
1650058271067	RemoteAgent	WARN	TLS certificate errors will be ignored for this session
1650058315458	geckodriver	INFO	Listening on 127.0.0.1:59299
1650058315462	mozrunner::runner	INFO	Running command: "/usr/bin/firefox" "--marionette" "--remote-debugging-port" "55509" "--remote-allow-hosts" "localhost" "-no-remote" "-profile" "/tmp/rust_mozprofile106xrF"
ATTENTION: default value of option mesa_glthread overridden by environment.
ATTENTION: default value of option mesa_glthread overridden by environment.
ATTENTION: default value of option mesa_glthread overridden by environment.
ATTENTION: default value of option mesa_glthread overridden by environment.
1650058316262	Marionette	INFO	Marionette enabled
console.warn: SearchSettings: "get: No settings file exists, new profile?" (new NotFoundError("Could not open the file at /tmp/rust_mozprofile106xrF/search.json.mozlz4", (void 0)))
DevTools listening on ws://localhost:55509/devtools/browser/585e82ee-3536-4254-81f8-a38f9baa46f8
1650058318119	Marionette	INFO	Listening on port 42437
Read port: 42437
1650058318232	RemoteAgent	WARN	TLS certificate errors will be ignored for this session
1650058318411	Marionette	INFO	Stopped listening on port 33705
console.warn: TopSitesFeed: Failed to fetch data from Contile server: NetworkError when attempting to fetch resource.
1650058329479	Marionette	INFO	Stopped listening on port 42437
console.warn: TopSitesFeed: Failed to fetch data from Contile server: NetworkError when attempting to fetch resource.
1650058526596	Marionette	INFO	Stopped listening on port 40773
console.warn: TopSitesFeed: Failed to fetch data from Contile server: NetworkError when attempting to fetch resource.
1650058528538	Marionette	INFO	Stopped listening on port 33275
JavaScript error: , line 0: TypeError: NetworkError when attempting to fetch resource.
console.warn: TopSitesFeed: Failed to fetch data from Contile server: NetworkError when attempting to fetch resource.

###!!! [Parent][PImageBridgeParent] Error: RunMessage(msgname=PImageBridge::Msg_WillClose) Channel closing: too late to send/recv, messages will be lost

1650151833851	geckodriver	INFO	Listening on 127.0.0.1:55925
1650151833855	mozrunner::runner	INFO	Running command: "/usr/bin/firefox" "--marionette" "--remote-debugging-port" "44207" "--remote-allow-hosts" "localhost" "-no-remote" "-profile" "/tmp/rust_mozprofileTNaxXU"
ATTENTION: default value of option mesa_glthread overridden by environment.
ATTENTION: default value of option mesa_glthread overridden by environment.
ATTENTION: default value of option mesa_glthread overridden by environment.
ATTENTION: default value of option mesa_glthread overridden by environment.
1650151834726	Marionette	INFO	Marionette enabled
console.warn: SearchSettings: "get: No settings file exists, new profile?" (new NotFoundError("Could not open the file at /tmp/rust_mozprofileTNaxXU/search.json.mozlz4", (void 0)))
DevTools listening on ws://localhost:44207/devtools/browser/a68f5ca0-3b31-4493-b06e-d7f6491fda00
1650151836460	Marionette	INFO	Listening on port 41409
Read port: 41409
1650151836530	RemoteAgent	WARN	TLS certificate errors will be ignored for this session
1650151953553	Marionette	INFO	Stopped listening on port 41409
console.warn: TopSitesFeed: Failed to fetch data from Contile server: NetworkError when attempting to fetch resource.
1650152595399	geckodriver	INFO	Listening on 127.0.0.1:47647
1650152595404	mozrunner::runner	INFO	Running command: "/usr/bin/firefox" "--marionette" "--remote-debugging-port" "42563" "--remote-allow-hosts" "localhost" "-no-remote" "-profile" "/tmp/rust_mozprofilecZL6nh"
ATTENTION: default value of option mesa_glthread overridden by environment.
ATTENTION: default value of option mesa_glthread overridden by environment.
ATTENTION: default value of option mesa_glthread overridden by environment.
ATTENTION: default value of option mesa_glthread overridden by environment.
1650152596241	Marionette	INFO	Marionette enabled
console.warn: SearchSettings: "get: No settings file exists, new profile?" (new NotFoundError("Could not open the file at /tmp/rust_mozprofilecZL6nh/search.json.mozlz4", (void 0)))
DevTools listening on ws://localhost:42563/devtools/browser/f3061a90-96b0-44ae-b284-48af282b8236
1650152598092	Marionette	INFO	Listening on port 42565
Read port: 42565
1650152598152	RemoteAgent	WARN	TLS certificate errors will be ignored for this session
1650152672536	geckodriver	INFO	Listening on 127.0.0.1:35347
1650152672541	mozrunner::runner	INFO	Running command: "/usr/bin/firefox" "--marionette" "--remote-debugging-port" "36557" "--remote-allow-hosts" "localhost" "-no-remote" "-profile" "/tmp/rust_mozprofile5QickQ"
ATTENTION: default value of option mesa_glthread overridden by environment.
ATTENTION: default value of option mesa_glthread overridden by environment.
ATTENTION: default value of option mesa_glthread overridden by environment.
ATTENTION: default value of option mesa_glthread overridden by environment.
1650152673379	Marionette	INFO	Marionette enabled
console.warn: SearchSettings: "get: No settings file exists, new profile?" (new NotFoundError("Could not open the file at /tmp/rust_mozprofile5QickQ/search.json.mozlz4", (void 0)))
DevTools listening on ws://localhost:36557/devtools/browser/1012751e-e914-4b69-807c-d1a42da012b4
1650152674829	Marionette	INFO	Listening on port 38437
Read port: 38437
1650152674943	RemoteAgent	WARN	TLS certificate errors will be ignored for this session
1650152677489	Marionette	INFO	Stopped listening on port 42565
console.warn: TopSitesFeed: Failed to fetch data from Contile server: NetworkError when attempting to fetch resource.
1650152682869	Marionette	INFO	Stopped listening on port 38437
console.warn: TopSitesFeed: Failed to fetch data from Contile server: NetworkError when attempting to fetch resource.
1650152718236	geckodriver	INFO	Listening on 127.0.0.1:40673
1650152718240	mozrunner::runner	INFO	Running command: "/usr/bin/firefox" "--marionette" "--remote-debugging-port" "55515" "--remote-allow-hosts" "localhost" "-no-remote" "-profile" "/tmp/rust_mozprofileBQtO5u"
ATTENTION: default value of option mesa_glthread overridden by environment.
ATTENTION: default value of option mesa_glthread overridden by environment.
ATTENTION: default value of option mesa_glthread overridden by environment.
ATTENTION: default value of option mesa_glthread overridden by environment.
1650152719093	Marionette	INFO	Marionette enabled
console.warn: SearchSettings: "get: No settings file exists, new profile?" (new NotFoundError("Could not open the file at /tmp/rust_mozprofileBQtO5u/search.json.mozlz4", (void 0)))
DevTools listening on ws://localhost:55515/devtools/browser/622ec942-9441-4189-8718-be2c910c5f5b
1650152720869	Marionette	INFO	Listening on port 34193
Read port: 34193
1650152720975	RemoteAgent	WARN	TLS certificate errors will be ignored for this session
1650152730089	Marionette	INFO	Stopped listening on port 34193
console.warn: TopSitesFeed: Failed to fetch data from Contile server: NetworkError when attempting to fetch resource.
1650152812434	geckodriver	INFO	Listening on 127.0.0.1:55663
1650152812439	mozrunner::runner	INFO	Running command: "/usr/bin/firefox" "--marionette" "--remote-debugging-port" "58953" "--remote-allow-hosts" "localhost" "-no-remote" "-profile" "/tmp/rust_mozprofileQBd2ss"
ATTENTION: default value of option mesa_glthread overridden by environment.
ATTENTION: default value of option mesa_glthread overridden by environment.
ATTENTION: default value of option mesa_glthread overridden by environment.
ATTENTION: default value of option mesa_glthread overridden by environment.
1650152813264	Marionette	INFO	Marionette enabled
console.warn: SearchSettings: "get: No settings file exists, new profile?" (new NotFoundError("Could not open the file at /tmp/rust_mozprofileQBd2ss/search.json.mozlz4", (void 0)))
DevTools listening on ws://localhost:58953/devtools/browser/302a5a98-6af9-42ac-a6dd-1f101cdacc9c
1650152815025	Marionette	INFO	Listening on port 38043
Read port: 38043
1650152815062	RemoteAgent	WARN	TLS certificate errors will be ignored for this session
1650152884675	geckodriver	INFO	Listening on 127.0.0.1:45545
1650152884680	mozrunner::runner	INFO	Running command: "/usr/bin/firefox" "--marionette" "--remote-debugging-port" "46203" "--remote-allow-hosts" "localhost" "-no-remote" "-profile" "/tmp/rust_mozprofileyCIZ19"
ATTENTION: default value of option mesa_glthread overridden by environment.
ATTENTION: default value of option mesa_glthread overridden by environment.
ATTENTION: default value of option mesa_glthread overridden by environment.
ATTENTION: default value of option mesa_glthread overridden by environment.
1650152885505	Marionette	INFO	Marionette enabled
console.warn: SearchSettings: "get: No settings file exists, new profile?" (new NotFoundError("Could not open the file at /tmp/rust_mozprofileyCIZ19/search.json.mozlz4", (void 0)))
DevTools listening on ws://localhost:46203/devtools/browser/5c567bfa-f932-4b97-87ac-07fb9f075c82
1650152887208	Marionette	INFO	Listening on port 34899
Read port: 34899
1650152887358	RemoteAgent	WARN	TLS certificate errors will be ignored for this session
1650152966895	geckodriver	INFO	Listening on 127.0.0.1:41349
1650152966899	mozrunner::runner	INFO	Running command: "/usr/bin/firefox" "--marionette" "--remote-debugging-port" "46927" "--remote-allow-hosts" "localhost" "-no-remote" "-profile" "/tmp/rust_mozprofile9ItXSi"
ATTENTION: default value of option mesa_glthread overridden by environment.
ATTENTION: default value of option mesa_glthread overridden by environment.
ATTENTION: default value of option mesa_glthread overridden by environment.
ATTENTION: default value of option mesa_glthread overridden by environment.
1650152967729	Marionette	INFO	Marionette enabled
console.warn: SearchSettings: "get: No settings file exists, new profile?" (new NotFoundError("Could not open the file at /tmp/rust_mozprofile9ItXSi/search.json.mozlz4", (void 0)))
DevTools listening on ws://localhost:46927/devtools/browser/6632387a-24ab-4c91-bdd0-377dc76f21f8
1650152969485	Marionette	INFO	Listening on port 39763
Read port: 39763
1650152969527	RemoteAgent	WARN	TLS certificate errors will be ignored for this session
console.error: Region.jsm: "Error fetching region" (new Error("TIMEOUT", "resource://gre/modules/Region.jsm", 772))
console.error: Region.jsm: "Failed to fetch region" (new Error("TIMEOUT", "resource://gre/modules/Region.jsm", 419))
1650153011506	geckodriver	INFO	Listening on 127.0.0.1:45257
1650153011510	mozrunner::runner	INFO	Running command: "/usr/bin/firefox" "--marionette" "--remote-debugging-port" "54233" "--remote-allow-hosts" "localhost" "-no-remote" "-profile" "/tmp/rust_mozprofileS1Di2h"
ATTENTION: default value of option mesa_glthread overridden by environment.
ATTENTION: default value of option mesa_glthread overridden by environment.
ATTENTION: default value of option mesa_glthread overridden by environment.
ATTENTION: default value of option mesa_glthread overridden by environment.
1650153012336	Marionette	INFO	Marionette enabled
console.warn: SearchSettings: "get: No settings file exists, new profile?" (new NotFoundError("Could not open the file at /tmp/rust_mozprofileS1Di2h/search.json.mozlz4", (void 0)))
DevTools listening on ws://localhost:54233/devtools/browser/95c2f79d-1405-4e88-adf8-22f5477b86ed
1650153013636	Marionette	INFO	Listening on port 34735
Read port: 34735
1650153013739	RemoteAgent	WARN	TLS certificate errors will be ignored for this session
1650153073136	Marionette	INFO	Stopped listening on port 34735
console.warn: TopSitesFeed: Failed to fetch data from Contile server: NetworkError when attempting to fetch resource.
1650153077647	Marionette	INFO	Stopped listening on port 39763
console.warn: TopSitesFeed: Failed to fetch data from Contile server: NetworkError when attempting to fetch resource.

###!!! [Parent][PImageBridgeParent] Error: RunMessage(msgname=PImageBridge::Msg_WillClose) Channel closing: too late to send/recv, messages will be lost

1650153081668	Marionette	INFO	Stopped listening on port 34899
console.warn: TopSitesFeed: Failed to fetch data from Contile server: NetworkError when attempting to fetch resource.
1650153082664	Marionette	INFO	Stopped listening on port 38043
console.warn: TopSitesFeed: Failed to fetch data from Contile server: NetworkError when attempting to fetch resource.
1650153149824	geckodriver	INFO	Listening on 127.0.0.1:45085
1650153149829	mozrunner::runner	INFO	Running command: "/usr/bin/firefox" "--marionette" "--remote-debugging-port" "48611" "--remote-allow-hosts" "localhost" "-no-remote" "-profile" "/tmp/rust_mozprofileP40VDz"
ATTENTION: default value of option mesa_glthread overridden by environment.
ATTENTION: default value of option mesa_glthread overridden by environment.
ATTENTION: default value of option mesa_glthread overridden by environment.
ATTENTION: default value of option mesa_glthread overridden by environment.
1650153150614	Marionette	INFO	Marionette enabled
console.warn: SearchSettings: "get: No settings file exists, new profile?" (new NotFoundError("Could not open the file at /tmp/rust_mozprofileP40VDz/search.json.mozlz4", (void 0)))
DevTools listening on ws://localhost:48611/devtools/browser/a4fab2e1-8d93-4ed7-936e-880b8be767b7
1650153152192	Marionette	INFO	Listening on port 43369
Read port: 43369
1650153152332	RemoteAgent	WARN	TLS certificate errors will be ignored for this session
1650153176778	geckodriver	INFO	Listening on 127.0.0.1:45351
1650153176783	mozrunner::runner	INFO	Running command: "/usr/bin/firefox" "--marionette" "--remote-debugging-port" "49605" "--remote-allow-hosts" "localhost" "-no-remote" "-profile" "/tmp/rust_mozprofileArHoHO"
ATTENTION: default value of option mesa_glthread overridden by environment.
ATTENTION: default value of option mesa_glthread overridden by environment.
ATTENTION: default value of option mesa_glthread overridden by environment.
ATTENTION: default value of option mesa_glthread overridden by environment.
1650153177623	Marionette	INFO	Marionette enabled
console.warn: SearchSettings: "get: No settings file exists, new profile?" (new NotFoundError("Could not open the file at /tmp/rust_mozprofileArHoHO/search.json.mozlz4", (void 0)))
DevTools listening on ws://localhost:49605/devtools/browser/314183f9-d8de-453a-8f1a-617bd92ae6a3
1650153179301	Marionette	INFO	Listening on port 41471
Read port: 41471
1650153179406	RemoteAgent	WARN	TLS certificate errors will be ignored for this session
1650153254789	Marionette	INFO	Stopped listening on port 41471
console.warn: TopSitesFeed: Failed to fetch data from Contile server: NetworkError when attempting to fetch resource.
1650153259588	Marionette	INFO	Stopped listening on port 43369
console.warn: TopSitesFeed: Failed to fetch data from Contile server: NetworkError when attempting to fetch resource.

###!!! [Parent][PImageBridgeParent] Error: RunMessage(msgname=PImageBridge::Msg_WillClose) Channel closing: too late to send/recv, messages will be lost

1650209640232	geckodriver	INFO	Listening on 127.0.0.1:51689
1650209640238	mozrunner::runner	INFO	Running command: "/usr/bin/firefox" "--marionette" "--remote-debugging-port" "46301" "--remote-allow-hosts" "localhost" "-no-remote" "-profile" "/tmp/rust_mozprofilerhruEB"
ATTENTION: default value of option mesa_glthread overridden by environment.
ATTENTION: default value of option mesa_glthread overridden by environment.
ATTENTION: default value of option mesa_glthread overridden by environment.
ATTENTION: default value of option mesa_glthread overridden by environment.
1650209641128	Marionette	INFO	Marionette enabled
console.warn: SearchSettings: "get: No settings file exists, new profile?" (new NotFoundError("Could not open the file at /tmp/rust_mozprofilerhruEB/search.json.mozlz4", (void 0)))
DevTools listening on ws://localhost:46301/devtools/browser/a7577353-2b34-400c-a36f-dff60e79b66b
1650209642834	Marionette	INFO	Listening on port 35395
Read port: 35395
1650209642859	RemoteAgent	WARN	TLS certificate errors will be ignored for this session
1650209654862	Marionette	INFO	Stopped listening on port 35395
console.warn: TopSitesFeed: Failed to fetch data from Contile server: NetworkError when attempting to fetch resource.
1650209668445	geckodriver	INFO	Listening on 127.0.0.1:56643
1650209668451	mozrunner::runner	INFO	Running command: "/usr/bin/firefox" "--marionette" "--remote-debugging-port" "43635" "--remote-allow-hosts" "localhost" "-no-remote" "-profile" "/tmp/rust_mozprofile5YbB1I"
ATTENTION: default value of option mesa_glthread overridden by environment.
ATTENTION: default value of option mesa_glthread overridden by environment.
ATTENTION: default value of option mesa_glthread overridden by environment.
ATTENTION: default value of option mesa_glthread overridden by environment.
1650209669307	Marionette	INFO	Marionette enabled
console.warn: SearchSettings: "get: No settings file exists, new profile?" (new NotFoundError("Could not open the file at /tmp/rust_mozprofile5YbB1I/search.json.mozlz4", (void 0)))
DevTools listening on ws://localhost:43635/devtools/browser/a024cbcd-db6b-4ec3-bf55-5e1809ad28af
1650209670900	Marionette	INFO	Listening on port 34171
Read port: 34171
1650209670975	RemoteAgent	WARN	TLS certificate errors will be ignored for this session
console.error: Region.jsm: "Error fetching region" (new Error("TIMEOUT", "resource://gre/modules/Region.jsm", 772))
console.error: Region.jsm: "Failed to fetch region" (new Error("TIMEOUT", "resource://gre/modules/Region.jsm", 419))
1650209703830	geckodriver	INFO	Listening on 127.0.0.1:53651
1650209703835	mozrunner::runner	INFO	Running command: "/usr/bin/firefox" "--marionette" "--remote-debugging-port" "42603" "--remote-allow-hosts" "localhost" "-no-remote" "-profile" "/tmp/rust_mozprofilesYqxJC"
ATTENTION: default value of option mesa_glthread overridden by environment.
ATTENTION: default value of option mesa_glthread overridden by environment.
ATTENTION: default value of option mesa_glthread overridden by environment.
ATTENTION: default value of option mesa_glthread overridden by environment.
1650209704673	Marionette	INFO	Marionette enabled
console.warn: SearchSettings: "get: No settings file exists, new profile?" (new NotFoundError("Could not open the file at /tmp/rust_mozprofilesYqxJC/search.json.mozlz4", (void 0)))
DevTools listening on ws://localhost:42603/devtools/browser/dd6d0fcf-b73c-448f-88f5-5b5191df45f6
1650209705964	Marionette	INFO	Listening on port 34649
Read port: 34649
1650209706067	RemoteAgent	WARN	TLS certificate errors will be ignored for this session
1650209742663	Marionette	INFO	Stopped listening on port 34649
console.warn: TopSitesFeed: Failed to fetch data from Contile server: NetworkError when attempting to fetch resource.

###!!! [Parent][PImageBridgeParent] Error: RunMessage(msgname=PImageBridge::Msg_WillClose) Channel closing: too late to send/recv, messages will be lost

1650212083235	geckodriver	INFO	Listening on 127.0.0.1:53007
1650212083241	mozrunner::runner	INFO	Running command: "/usr/bin/firefox" "--marionette" "--remote-debugging-port" "42121" "--remote-allow-hosts" "localhost" "-no-remote" "-profile" "/tmp/rust_mozprofile7S5ZDo"
ATTENTION: default value of option mesa_glthread overridden by environment.
ATTENTION: default value of option mesa_glthread overridden by environment.
ATTENTION: default value of option mesa_glthread overridden by environment.
ATTENTION: default value of option mesa_glthread overridden by environment.
1650212084040	Marionette	INFO	Marionette enabled
console.warn: SearchSettings: "get: No settings file exists, new profile?" (new NotFoundError("Could not open the file at /tmp/rust_mozprofile7S5ZDo/search.json.mozlz4", (void 0)))
DevTools listening on ws://localhost:42121/devtools/browser/cfa7dbe7-542f-4b44-8865-1e1be06c2308
1650212085793	Marionette	INFO	Listening on port 35449
Read port: 35449
1650212085859	RemoteAgent	WARN	TLS certificate errors will be ignored for this session
1650212216031	Marionette	INFO	Stopped listening on port 35449
console.warn: TopSitesFeed: Failed to fetch data from Contile server: NetworkError when attempting to fetch resource.
1650212221516	Marionette	INFO	Stopped listening on port 34171
console.warn: TopSitesFeed: Failed to fetch data from Contile server: NetworkError when attempting to fetch resource.
1650212640637	geckodriver	INFO	Listening on 127.0.0.1:54023
1650212640642	mozrunner::runner	INFO	Running command: "/usr/bin/firefox" "--marionette" "--remote-debugging-port" "45729" "--remote-allow-hosts" "localhost" "-no-remote" "-profile" "/tmp/rust_mozprofile4m1GzQ"
ATTENTION: default value of option mesa_glthread overridden by environment.
ATTENTION: default value of option mesa_glthread overridden by environment.
ATTENTION: default value of option mesa_glthread overridden by environment.
ATTENTION: default value of option mesa_glthread overridden by environment.
1650212641480	Marionette	INFO	Marionette enabled
console.warn: SearchSettings: "get: No settings file exists, new profile?" (new NotFoundError("Could not open the file at /tmp/rust_mozprofile4m1GzQ/search.json.mozlz4", (void 0)))
DevTools listening on ws://localhost:45729/devtools/browser/08babbb3-92f7-4a70-9b91-015c8a9ca858
1650212643061	Marionette	INFO	Listening on port 41063
Read port: 41063
1650212643163	RemoteAgent	WARN	TLS certificate errors will be ignored for this session
1650212922204	geckodriver	INFO	Listening on 127.0.0.1:57389
1650212922208	mozrunner::runner	INFO	Running command: "/usr/bin/firefox" "--marionette" "--remote-debugging-port" "38151" "--remote-allow-hosts" "localhost" "-no-remote" "-profile" "/tmp/rust_mozprofileQ9nmpz"
ATTENTION: default value of option mesa_glthread overridden by environment.
ATTENTION: default value of option mesa_glthread overridden by environment.
ATTENTION: default value of option mesa_glthread overridden by environment.
ATTENTION: default value of option mesa_glthread overridden by environment.
1650212923036	Marionette	INFO	Marionette enabled
console.warn: SearchSettings: "get: No settings file exists, new profile?" (new NotFoundError("Could not open the file at /tmp/rust_mozprofileQ9nmpz/search.json.mozlz4", (void 0)))
DevTools listening on ws://localhost:38151/devtools/browser/05e8a777-504b-407a-9285-462307230e91
1650212924793	Marionette	INFO	Listening on port 43229
Read port: 43229
1650212924842	RemoteAgent	WARN	TLS certificate errors will be ignored for this session
1650212930807	Marionette	INFO	Stopped listening on port 41063
console.warn: TopSitesFeed: Failed to fetch data from Contile server: NetworkError when attempting to fetch resource.

###!!! [Parent][PImageBridgeParent] Error: RunMessage(msgname=PImageBridge::Msg_WillClose) Channel closing: too late to send/recv, messages will be lost

1650212932286	Marionette	INFO	Stopped listening on port 43229
console.warn: TopSitesFeed: Failed to fetch data from Contile server: NetworkError when attempting to fetch resource.
JavaScript error: chrome://remote/content/marionette/cert.js, line 55: NS_ERROR_NOT_AVAILABLE: Component returned failure code: 0x80040111 (NS_ERROR_NOT_AVAILABLE) [nsICertOverrideService.setDisableAllSecurityChecksAndLetAttackersInterceptMyData]
1650213075655	geckodriver	INFO	Listening on 127.0.0.1:50289
1650213075660	mozrunner::runner	INFO	Running command: "/usr/bin/firefox" "--marionette" "--remote-debugging-port" "49119" "--remote-allow-hosts" "localhost" "-no-remote" "-profile" "/tmp/rust_mozprofilecVoe8M"
ATTENTION: default value of option mesa_glthread overridden by environment.
ATTENTION: default value of option mesa_glthread overridden by environment.
ATTENTION: default value of option mesa_glthread overridden by environment.
ATTENTION: default value of option mesa_glthread overridden by environment.
1650213076530	Marionette	INFO	Marionette enabled
console.warn: SearchSettings: "get: No settings file exists, new profile?" (new NotFoundError("Could not open the file at /tmp/rust_mozprofilecVoe8M/search.json.mozlz4", (void 0)))
DevTools listening on ws://localhost:49119/devtools/browser/7e2e39fd-f49a-4880-9962-caa394890285
1650213078245	Marionette	INFO	Listening on port 43747
Read port: 43747
1650213078299	RemoteAgent	WARN	TLS certificate errors will be ignored for this session
Exiting due to channel error.
Exiting due to channel error.
Exiting due to channel error.
1650213107512	geckodriver	INFO	Listening on 127.0.0.1:34683
1650213107517	mozrunner::runner	INFO	Running command: "/usr/bin/firefox" "--marionette" "--remote-debugging-port" "50809" "--remote-allow-hosts" "localhost" "-no-remote" "-profile" "/tmp/rust_mozprofileDZtWtY"
ATTENTION: default value of option mesa_glthread overridden by environment.
ATTENTION: default value of option mesa_glthread overridden by environment.
ATTENTION: default value of option mesa_glthread overridden by environment.
ATTENTION: default value of option mesa_glthread overridden by environment.
1650213108342	Marionette	INFO	Marionette enabled
console.warn: SearchSettings: "get: No settings file exists, new profile?" (new NotFoundError("Could not open the file at /tmp/rust_mozprofileDZtWtY/search.json.mozlz4", (void 0)))
DevTools listening on ws://localhost:50809/devtools/browser/e2ca039d-f4ca-4d2e-8af8-3ed2a0f3bb5a
1650213110113	Marionette	INFO	Listening on port 33365
Read port: 33365
1650213110152	RemoteAgent	WARN	TLS certificate errors will be ignored for this session
1650213112390	Marionette	INFO	Stopped listening on port 33365
console.warn: TopSitesFeed: Failed to fetch data from Contile server: NetworkError when attempting to fetch resource.
JavaScript error: chrome://remote/content/marionette/cert.js, line 55: NS_ERROR_NOT_AVAILABLE: Component returned failure code: 0x80040111 (NS_ERROR_NOT_AVAILABLE) [nsICertOverrideService.setDisableAllSecurityChecksAndLetAttackersInterceptMyData]
1650213258443	geckodriver	INFO	Listening on 127.0.0.1:60983
1650213258447	mozrunner::runner	INFO	Running command: "/usr/bin/firefox" "--marionette" "--remote-debugging-port" "57467" "--remote-allow-hosts" "localhost" "-no-remote" "-profile" "/tmp/rust_mozprofilerUHmjA"
ATTENTION: default value of option mesa_glthread overridden by environment.
ATTENTION: default value of option mesa_glthread overridden by environment.
ATTENTION: default value of option mesa_glthread overridden by environment.
ATTENTION: default value of option mesa_glthread overridden by environment.
1650213259274	Marionette	INFO	Marionette enabled
console.warn: SearchSettings: "get: No settings file exists, new profile?" (new NotFoundError("Could not open the file at /tmp/rust_mozprofilerUHmjA/search.json.mozlz4", (void 0)))
DevTools listening on ws://localhost:57467/devtools/browser/d87c2d8c-8750-4f81-86ce-db98acb47c93
1650213260999	Marionette	INFO	Listening on port 34369
Read port: 34369
1650213261068	RemoteAgent	WARN	TLS certificate errors will be ignored for this session
1650213269485	Marionette	INFO	Stopped listening on port 34369
console.warn: TopSitesFeed: Failed to fetch data from Contile server: NetworkError when attempting to fetch resource.

###!!! [Parent][PImageBridgeParent] Error: RunMessage(msgname=PImageBridge::Msg_WillClose) Channel closing: too late to send/recv, messages will be lost

1650224348311	geckodriver	INFO	Listening on 127.0.0.1:50271
1650224348315	mozrunner::runner	INFO	Running command: "/usr/bin/firefox" "--marionette" "--remote-debugging-port" "49275" "--remote-allow-hosts" "localhost" "-no-remote" "-profile" "/tmp/rust_mozprofilez9ODGr"
ATTENTION: default value of option mesa_glthread overridden by environment.
ATTENTION: default value of option mesa_glthread overridden by environment.
ATTENTION: default value of option mesa_glthread overridden by environment.
ATTENTION: default value of option mesa_glthread overridden by environment.
1650224349138	Marionette	INFO	Marionette enabled
console.warn: SearchSettings: "get: No settings file exists, new profile?" (new NotFoundError("Could not open the file at /tmp/rust_mozprofilez9ODGr/search.json.mozlz4", (void 0)))
DevTools listening on ws://localhost:49275/devtools/browser/ad21e896-a22e-4e1c-bd64-35150607d717
1650224350675	Marionette	INFO	Listening on port 37329
Read port: 37329
1650224350746	RemoteAgent	WARN	TLS certificate errors will be ignored for this session
console.warn: LoginRecipes: "getRecipes: falling back to a synchronous message for:" "https://roc.myrb.io"
1650224507296	geckodriver	INFO	Listening on 127.0.0.1:54183
1650224507300	mozrunner::runner	INFO	Running command: "/usr/bin/firefox" "--marionette" "--remote-debugging-port" "46431" "--remote-allow-hosts" "localhost" "-no-remote" "-profile" "/tmp/rust_mozprofilePF7Cer"
ATTENTION: default value of option mesa_glthread overridden by environment.
ATTENTION: default value of option mesa_glthread overridden by environment.
ATTENTION: default value of option mesa_glthread overridden by environment.
ATTENTION: default value of option mesa_glthread overridden by environment.
1650224508089	Marionette	INFO	Marionette enabled
console.warn: SearchSettings: "get: No settings file exists, new profile?" (new NotFoundError("Could not open the file at /tmp/rust_mozprofilePF7Cer/search.json.mozlz4", (void 0)))
DevTools listening on ws://localhost:46431/devtools/browser/92770a0e-c75e-4134-b295-d0a1d1c056d7
1650224509356	Marionette	INFO	Listening on port 40597
Read port: 40597
1650224509427	RemoteAgent	WARN	TLS certificate errors will be ignored for this session
1650224573129	geckodriver	INFO	Listening on 127.0.0.1:40651
1650224573133	mozrunner::runner	INFO	Running command: "/usr/bin/firefox" "--marionette" "--remote-debugging-port" "52863" "--remote-allow-hosts" "localhost" "-no-remote" "-profile" "/tmp/rust_mozprofileNzB873"
ATTENTION: default value of option mesa_glthread overridden by environment.
ATTENTION: default value of option mesa_glthread overridden by environment.
ATTENTION: default value of option mesa_glthread overridden by environment.
ATTENTION: default value of option mesa_glthread overridden by environment.
1650224573935	Marionette	INFO	Marionette enabled
console.warn: SearchSettings: "get: No settings file exists, new profile?" (new NotFoundError("Could not open the file at /tmp/rust_mozprofileNzB873/search.json.mozlz4", (void 0)))
DevTools listening on ws://localhost:52863/devtools/browser/fc9ea984-04cf-45c6-8bb0-c8f08b228e37
1650224575251	Marionette	INFO	Listening on port 39369
Read port: 39369
1650224575348	RemoteAgent	WARN	TLS certificate errors will be ignored for this session
1650224622373	geckodriver	INFO	Listening on 127.0.0.1:60503
1650224622377	mozrunner::runner	INFO	Running command: "/usr/bin/firefox" "--marionette" "--remote-debugging-port" "45009" "--remote-allow-hosts" "localhost" "-no-remote" "-profile" "/tmp/rust_mozprofile7LJcFc"
ATTENTION: default value of option mesa_glthread overridden by environment.
ATTENTION: default value of option mesa_glthread overridden by environment.
ATTENTION: default value of option mesa_glthread overridden by environment.
ATTENTION: default value of option mesa_glthread overridden by environment.
1650224623178	Marionette	INFO	Marionette enabled
console.warn: SearchSettings: "get: No settings file exists, new profile?" (new NotFoundError("Could not open the file at /tmp/rust_mozprofile7LJcFc/search.json.mozlz4", (void 0)))
DevTools listening on ws://localhost:45009/devtools/browser/13433261-dd3b-4834-96e8-a60a894cfd4c
1650224624887	Marionette	INFO	Listening on port 39959
Read port: 39959
1650224624998	RemoteAgent	WARN	TLS certificate errors will be ignored for this session
console.warn: LoginRecipes: "getRecipes: falling back to a synchronous message for:" "https://roc.myrb.io"
1650224693458	Marionette	INFO	Stopped listening on port 39959
console.warn: TopSitesFeed: Failed to fetch data from Contile server: NetworkError when attempting to fetch resource.
1650224694211	Marionette	INFO	Stopped listening on port 39369
console.warn: TopSitesFeed: Failed to fetch data from Contile server: NetworkError when attempting to fetch resource.
1650224695280	Marionette	INFO	Stopped listening on port 40597
console.warn: TopSitesFeed: Failed to fetch data from Contile server: NetworkError when attempting to fetch resource.

###!!! [Parent][PImageBridgeParent] Error: RunMessage(msgname=PImageBridge::Msg_WillClose) Channel closing: too late to send/recv, messages will be lost

1650224701168	Marionette	INFO	Stopped listening on port 37329
console.warn: TopSitesFeed: Failed to fetch data from Contile server: NetworkError when attempting to fetch resource.

###!!! [Parent][PBackgroundParent] Error: RunMessage(msgname=PRemoteWorkerService::Msg___delete__) Channel closing: too late to send/recv, messages will be lost


###!!! [Parent][PImageBridgeParent] Error: RunMessage(msgname=PImageBridge::Msg_WillClose) Channel closing: too late to send/recv, messages will be lost

1650224841645	geckodriver	INFO	Listening on 127.0.0.1:34835
1650224841649	mozrunner::runner	INFO	Running command: "/usr/bin/firefox" "--marionette" "--remote-debugging-port" "49903" "--remote-allow-hosts" "localhost" "-no-remote" "-profile" "/tmp/rust_mozprofilevJigWk"
ATTENTION: default value of option mesa_glthread overridden by environment.
ATTENTION: default value of option mesa_glthread overridden by environment.
ATTENTION: default value of option mesa_glthread overridden by environment.
ATTENTION: default value of option mesa_glthread overridden by environment.
1650224842459	Marionette	INFO	Marionette enabled
console.warn: SearchSettings: "get: No settings file exists, new profile?" (new NotFoundError("Could not open the file at /tmp/rust_mozprofilevJigWk/search.json.mozlz4", (void 0)))
DevTools listening on ws://localhost:49903/devtools/browser/c39b6e4d-337c-4b88-b091-ed8dd11ccba0
1650224843908	Marionette	INFO	Listening on port 41669
Read port: 41669
1650224843969	RemoteAgent	WARN	TLS certificate errors will be ignored for this session
1650224871159	geckodriver	INFO	Listening on 127.0.0.1:48927
1650224871163	mozrunner::runner	INFO	Running command: "/usr/bin/firefox" "--marionette" "--remote-debugging-port" "55579" "--remote-allow-hosts" "localhost" "-no-remote" "-profile" "/tmp/rust_mozprofileA0DAHs"
ATTENTION: default value of option mesa_glthread overridden by environment.
ATTENTION: default value of option mesa_glthread overridden by environment.
ATTENTION: default value of option mesa_glthread overridden by environment.
ATTENTION: default value of option mesa_glthread overridden by environment.
1650224871976	Marionette	INFO	Marionette enabled
console.warn: SearchSettings: "get: No settings file exists, new profile?" (new NotFoundError("Could not open the file at /tmp/rust_mozprofileA0DAHs/search.json.mozlz4", (void 0)))
DevTools listening on ws://localhost:55579/devtools/browser/ff03e951-2dfd-41af-a778-376b20e39b28
1650224873199	Marionette	INFO	Listening on port 36779
Read port: 36779
1650224873277	RemoteAgent	WARN	TLS certificate errors will be ignored for this session
console.warn: LoginRecipes: "getRecipes: falling back to a synchronous message for:" "https://roc.myrb.io"
1650224961723	Marionette	INFO	Stopped listening on port 36779
console.warn: TopSitesFeed: Failed to fetch data from Contile server: NetworkError when attempting to fetch resource.

###!!! [Parent][PImageBridgeParent] Error: RunMessage(msgname=PImageBridge::Msg_WillClose) Channel closing: too late to send/recv, messages will be lost

1650224986085	Marionette	INFO	Stopped listening on port 41669
console.warn: TopSitesFeed: Failed to fetch data from Contile server: NetworkError when attempting to fetch resource.

###!!! [Parent][PImageBridgeParent] Error: RunMessage(msgname=PImageBridge::Msg_WillClose) Channel closing: too late to send/recv, messages will be lost

1650225096279	geckodriver	INFO	Listening on 127.0.0.1:36169
1650225096283	mozrunner::runner	INFO	Running command: "/usr/bin/firefox" "--marionette" "--remote-debugging-port" "49141" "--remote-allow-hosts" "localhost" "-no-remote" "-profile" "/tmp/rust_mozprofileeQFxFy"
ATTENTION: default value of option mesa_glthread overridden by environment.
ATTENTION: default value of option mesa_glthread overridden by environment.
ATTENTION: default value of option mesa_glthread overridden by environment.
ATTENTION: default value of option mesa_glthread overridden by environment.
1650225097107	Marionette	INFO	Marionette enabled
console.warn: SearchSettings: "get: No settings file exists, new profile?" (new NotFoundError("Could not open the file at /tmp/rust_mozprofileeQFxFy/search.json.mozlz4", (void 0)))
DevTools listening on ws://localhost:49141/devtools/browser/b0159314-0b99-4fe1-afad-f3bc4a521fad
1650225098596	Marionette	INFO	Listening on port 39625
Read port: 39625
1650225098742	RemoteAgent	WARN	TLS certificate errors will be ignored for this session
console.warn: LoginRecipes: "getRecipes: falling back to a synchronous message for:" "https://roc.myrb.io"
1650225181612	geckodriver	INFO	Listening on 127.0.0.1:51151
1650225181617	mozrunner::runner	INFO	Running command: "/usr/bin/firefox" "--marionette" "--remote-debugging-port" "56493" "--remote-allow-hosts" "localhost" "-no-remote" "-profile" "/tmp/rust_mozprofilehswoLS"
ATTENTION: default value of option mesa_glthread overridden by environment.
ATTENTION: default value of option mesa_glthread overridden by environment.
ATTENTION: default value of option mesa_glthread overridden by environment.
ATTENTION: default value of option mesa_glthread overridden by environment.
1650225182368	Marionette	INFO	Marionette enabled
console.warn: SearchSettings: "get: No settings file exists, new profile?" (new NotFoundError("Could not open the file at /tmp/rust_mozprofilehswoLS/search.json.mozlz4", (void 0)))
DevTools listening on ws://localhost:56493/devtools/browser/83b4184e-2339-4ea5-8785-24155936f93e
1650225184003	Marionette	INFO	Listening on port 34731
Read port: 34731
1650225184042	RemoteAgent	WARN	TLS certificate errors will be ignored for this session
console.warn: LoginRecipes: "getRecipes: falling back to a synchronous message for:" "https://roc.myrb.io"
console.warn: LoginRecipes: "getRecipes: falling back to a synchronous message for:" "https://roc.myrb.io"
